<?xml version="1.0" encoding="UTF-8"?>
<!-- Generated by org.testng.reporters.JUnitReportReporter -->
<testsuite hostname="LAPTOP-6T8LQE4H" failures="0" tests="3" name="tek.framework.test.smoke.LoginPageTest" time="11.587" errors="0" timestamp="2022-12-21T20:47:07 EST" skipped="0">
  <testcase classname="tek.framework.test.smoke.LoginPageTest" name="loginTestNegative" time="3.486"/>
  <system-out/>
  <testcase classname="tek.framework.test.smoke.LoginPageTest" name="loginTestNegative" time="4.623"/>
  <system-out/>
  <testcase classname="tek.framework.test.smoke.LoginPageTest" name="loginTestNegative" time="3.478"/>
  <system-out/>
</testsuite> <!-- tek.framework.test.smoke.LoginPageTest -->
